Arguments: 
  C:\Program Files\nodejs\node.exe C:\Program Files (x86)\Yarn\bin\yarn.js init

PATH: 
  C:\Users\ASC Guest\AppData\Local\Programs\Python\Python37-32\Scripts\;C:\Python27\Scripts;C:\ProgramData\Oracle\Java\javapath;C:\WINDOWS\system32;C:\WINDOWS;C:\WINDOWS\System32\Wbem;C:\WINDOWS\System32\WindowsPowerShell\v1.0\;C:\WINDOWS\System32\OpenSSH\;C:\ProgramData\chocolatey\bin;C:\Program Files\nodejs\;C:\Program Files\Java\jdk1.8.0_172\bin;C:\Program Files (x86)\Yarn\bin\;C:\Program Files (x86)\Microsoft VS Code\bin;C:\Program Files\Git\cmd;C:\Users\ASC Guest\AppData\Local\Programs\Python\Python37-32\Scripts\;C:\Users\ASC Guest\AppData\Local\Programs\Python\Python37-32\;C:\Users\ASC Guest\AppData\Local\Microsoft\WindowsApps;C:\Program Files (x86)\Microsoft VS Code\bin;C:\Program Files\Git\usr\bin;C:\Users\ASC Guest\AppData\Local\atom\bin;C:\Users\ASC Guest\AppData\Local\GitHubDesktop\bin;C:\Users\ASC Guest\AppData\Local\Microsoft\WindowsApps;C:\Users\ASC Guest\AppData\Roaming\npm;C:\Users\ASC Guest\AppData\Local\Android\Sdk;C:\Users\ASC Guest\AppData\Local\Android\Sdk\tools;C:\Users\ASC Guest\AppData\Local\Android\Sdk\platform-tools;C:\Users\ASC Guest\AppData\Local\Yarn\bin;C:\MinGW\bin;

Yarn version: 
  1.7.0

Node version: 
  10.4.0

Platform: 
  win32 x64

Trace: 
  Error: canceled
      at Interface.<anonymous> (C:\Program Files (x86)\Yarn\lib\cli.js:131036:13)
      at Interface.emit (events.js:182:13)
      at Interface._ttyWrite (readline.js:783:16)
      at ReadStream.onkeypress (readline.js:168:10)
      at ReadStream.emit (events.js:182:13)
      at emitKeys (internal/readline.js:422:14)
      at emitKeys.next (<anonymous>)
      at ReadStream.onData (readline.js:1022:36)
      at ReadStream.emit (events.js:182:13)
      at addChunk (_stream_readable.js:283:12)

npm manifest: 
  No manifest

yarn manifest: 
  No manifest

Lockfile: 
  No lockfile
